1 Iniciando Server em http://localhost:6789/
2 [24/09/2016 18:34:21 314] - Adress: /0:0:0:0:0:0:0:1:59937:59937 REQ:GET /pastadeteste HTTP/1.1 BYTES OUT: 48
3 [24/09/2016 18:34:34 752] - Adress: /0:0:0:0:0:0:0:1:59938:59938 REQ:GET /gerenciador/config HTTP/1.1 BYTES OUT: 41
4 [24/09/2016 18:34:34 764] - Adress: /0:0:0:0:0:0:0:1:59941:59941 REQ:GET /bootstrap-3.3.7-dist/js/bootstrap.js HTTP/1.1 BYTES OUT: 54
5 [24/09/2016 18:34:34 764] - Adress: /0:0:0:0:0:0:0:1:59939:59939 REQ:GET /bootstrap-3.3.7-dist/css/bootstrap.css HTTP/1.1 BYTES OUT: 40
6 [24/09/2016 18:34:34 767] - Adress: /0:0:0:0:0:0:0:1:59940:59940 REQ:GET /bootstrap-3.3.7-dist/js/jquery-3.1.0.js HTTP/1.1 BYTES OUT: 54
7 [24/09/2016 18:34:34 974] - Adress: /0:0:0:0:0:0:0:1:59942:59942 REQ:POST /Obtemconfig HTTP/1.1 BYTES OUT: 1
8 [24/09/2016 18:34:36 598] - Adress: /0:0:0:0:0:0:0:1:59943:59943 REQ:POST /Salvaconfig HTTP/1.1 BYTES OUT: 2
9 [24/09/2016 18:34:39 691] - Adress: /0:0:0:0:0:0:0:1:59944:59944 REQ:GET /pastadeteste HTTP/1.1 BYTES OUT: 41
10 [24/09/2016 18:34:39 707] - Adress: /0:0:0:0:0:0:0:1:59947:59947 REQ:GET /bootstrap-3.3.7-dist/js/bootstrap.js HTTP/1.1 BYTES OUT: 54
11 [24/09/2016 18:34:39 712] - Adress: /0:0:0:0:0:0:0:1:59945:59945 REQ:GET /bootstrap-3.3.7-dist/css/bootstrap.css HTTP/1.1 BYTES OUT: 40
12 [24/09/2016 18:34:39 719] - Adress: /0:0:0:0:0:0:0:1:59946:59946 REQ:GET /bootstrap-3.3.7-dist/js/jquery-3.1.0.js HTTP/1.1 BYTES OUT: 54
13 [24/09/2016 18:34:39 931] - Adress: /0:0:0:0:0:0:0:1:59950:59950 REQ:POST /ListagemDiretorio HTTP/1.1 BYTES OUT: 99
14 [24/09/2016 18:34:43 437] - Adress: /0:0:0:0:0:0:0:1:59951:59951 REQ:GET /pastadeteste/pastadeteste2 HTTP/1.1 BYTES OUT: 41
15 [24/09/2016 18:34:43 461] - Adress: /0:0:0:0:0:0:0:1:59952:59952 REQ:GET /bootstrap-3.3.7-dist/css/bootstrap.css HTTP/1.1 BYTES OUT: 40
16 [24/09/2016 18:34:43 466] - Adress: /0:0:0:0:0:0:0:1:59953:59953 REQ:GET /bootstrap-3.3.7-dist/js/jquery-3.1.0.js HTTP/1.1 BYTES OUT: 54
17 [24/09/2016 18:34:43 495] - Adress: /0:0:0:0:0:0:0:1:59954:59954 REQ:GET /bootstrap-3.3.7-dist/js/bootstrap.js HTTP/1.1 BYTES OUT: 54
18 [24/09/2016 18:34:43 585] - Adress: /0:0:0:0:0:0:0:1:59955:59955 REQ:POST /ListagemDiretorio HTTP/1.1 BYTES OUT: 14
19 [24/09/2016 18:34:46 535] - Adress: /0:0:0:0:0:0:0:1:59956:59956 REQ:POST /ListagemDiretorio HTTP/1.1 BYTES OUT: 99
20 [24/09/2016 18:34:52 690] - Adress: /0:0:0:0:0:0:0:1:59959:59959 REQ:GET /bootstrap-3.3.7-dist/css/bootstrap.css HTTP/1.1 BYTES OUT: 40
21 [24/09/2016 18:34:52 812] - Adress: /0:0:0:0:0:0:0:1:59960:59960 REQ:GET /bootstrap-3.3.7-dist/css/bootstrap.css.map HTTP/1.1 BYTES OUT: 56
22 [24/09/2016 18:35:55 327] - Adress: /0:0:0:0:0:0:0:1:59967:59967 REQ:GET /pastadeteste/pastadeteste2 HTTP/1.1 BYTES OUT: 41
23 [24/09/2016 18:35:55 345] - Adress: /0:0:0:0:0:0:0:1:59968:59968 REQ:GET /bootstrap-3.3.7-dist/css/bootstrap.css HTTP/1.1 BYTES OUT: 40
24 [24/09/2016 18:35:55 354] - Adress: /0:0:0:0:0:0:0:1:59969:59969 REQ:GET /bootstrap-3.3.7-dist/js/jquery-3.1.0.js HTTP/1.1 BYTES OUT: 54
25 [24/09/2016 18:35:55 375] - Adress: /0:0:0:0:0:0:0:1:59970:59970 REQ:GET /bootstrap-3.3.7-dist/js/bootstrap.js HTTP/1.1 BYTES OUT: 54
26 [24/09/2016 18:35:55 519] - Adress: /0:0:0:0:0:0:0:1:59971:59971 REQ:POST /ListagemDiretorio HTTP/1.1 BYTES OUT: 14
